<?xml version="1.0" encoding="UTF-8"?>
<coverage generated="1690859813586" clover="3.2.0">
  <project timestamp="1690859813586" name="All files">
    <metrics statements="118" coveredstatements="100" conditionals="58" coveredconditionals="35" methods="29" coveredmethods="27" elements="205" coveredelements="162" complexity="0" loc="118" ncloc="118" packages="1" files="3" classes="3"/>
    <file name="ButtonContainer.js" path="/Users/seanmalan/Documents/DevInstitute/MobileDev/06-project-calculator-app-seanmalan/mobile-app-calculator/src/components/ButtonContainer.js">
      <metrics statements="12" coveredstatements="11" conditionals="0" coveredconditionals="0" methods="8" coveredmethods="7"/>
      <line num="10" count="1" type="stmt"/>
      <line num="16" count="93" type="stmt"/>
      <line num="36" count="93" type="stmt"/>
      <line num="37" count="1488" type="stmt"/>
      <line num="39" count="29" type="stmt"/>
      <line num="46" count="93" type="stmt"/>
      <line num="54" count="0" type="stmt"/>
      <line num="61" count="1" type="stmt"/>
      <line num="71" count="1488" type="stmt"/>
      <line num="72" count="1488" type="stmt"/>
      <line num="88" count="5" type="stmt"/>
      <line num="98" count="1" type="stmt"/>
    </file>
    <file name="Calculator.js" path="/Users/seanmalan/Documents/DevInstitute/MobileDev/06-project-calculator-app-seanmalan/mobile-app-calculator/src/components/Calculator.js">
      <metrics statements="99" coveredstatements="82" conditionals="56" coveredconditionals="33" methods="19" coveredmethods="18"/>
      <line num="7" count="1" type="stmt"/>
      <line num="8" count="94" type="stmt"/>
      <line num="9" count="93" type="stmt"/>
      <line num="10" count="93" type="stmt"/>
      <line num="11" count="93" type="stmt"/>
      <line num="12" count="93" type="stmt"/>
      <line num="13" count="93" type="stmt"/>
      <line num="14" count="93" type="stmt"/>
      <line num="16" count="93" type="stmt"/>
      <line num="17" count="9" type="stmt"/>
      <line num="18" count="9" type="stmt"/>
      <line num="19" count="9" type="stmt"/>
      <line num="20" count="0" type="cond" truecount="0" falsecount="2"/>
      <line num="21" count="0" type="stmt"/>
      <line num="28" count="9" type="stmt"/>
      <line num="34" count="93" type="stmt"/>
      <line num="35" count="14" type="stmt"/>
      <line num="36" count="14" type="cond" truecount="2" falsecount="0"/>
      <line num="37" count="5" type="stmt"/>
      <line num="38" count="5" type="stmt"/>
      <line num="39" count="5" type="stmt"/>
      <line num="47" count="14" type="stmt"/>
      <line num="52" count="93" type="stmt"/>
      <line num="53" count="20" type="cond" truecount="2" falsecount="0"/>
      <line num="56" count="93" type="stmt"/>
      <line num="57" count="6" type="cond" truecount="2" falsecount="0"/>
      <line num="60" count="93" type="stmt"/>
      <line num="62" count="93" type="stmt"/>
      <line num="63" count="29" type="cond" truecount="2" falsecount="0"/>
      <line num="64" count="3" type="stmt"/>
      <line num="65" count="3" type="stmt"/>
      <line num="66" count="26" type="cond" truecount="1" falsecount="1"/>
      <line num="67" count="0" type="stmt"/>
      <line num="68" count="0" type="stmt"/>
      <line num="71" count="26" type="cond" truecount="2" falsecount="0"/>
      <line num="72" count="6" type="stmt"/>
      <line num="73" count="6" type="stmt"/>
      <line num="76" count="20" type="cond" truecount="1" falsecount="1"/>
      <line num="77" count="0" type="cond" truecount="0" falsecount="4"/>
      <line num="78" count="0" type="stmt"/>
      <line num="81" count="0" type="cond" truecount="0" falsecount="2"/>
      <line num="82" count="0" type="stmt"/>
      <line num="85" count="0" type="cond" truecount="0" falsecount="4"/>
      <line num="86" count="0" type="stmt"/>
      <line num="87" count="0" type="cond" truecount="0" falsecount="4"/>
      <line num="88" count="0" type="stmt"/>
      <line num="91" count="20" type="cond" truecount="2" falsecount="0"/>
      <line num="92" count="14" type="stmt"/>
      <line num="93" count="6" type="cond" truecount="1" falsecount="1"/>
      <line num="94" count="6" type="stmt"/>
      <line num="100" count="93" type="stmt"/>
      <line num="101" count="49" type="stmt"/>
      <line num="102" count="49" type="cond" truecount="2" falsecount="0"/>
      <line num="103" count="5" type="stmt"/>
      <line num="106" count="5" type="stmt"/>
      <line num="107" count="5" type="stmt"/>
      <line num="110" count="5" type="stmt"/>
      <line num="112" count="44" type="stmt"/>
      <line num="116" count="49" type="stmt"/>
      <line num="119" count="93" type="stmt"/>
      <line num="120" count="5" type="cond" truecount="3" falsecount="1"/>
      <line num="121" count="0" type="stmt"/>
      <line num="124" count="5" type="cond" truecount="2" falsecount="0"/>
      <line num="125" count="2" type="stmt"/>
      <line num="126" count="3" type="cond" truecount="2" falsecount="0"/>
      <line num="127" count="1" type="stmt"/>
      <line num="128" count="2" type="cond" truecount="2" falsecount="0"/>
      <line num="129" count="1" type="stmt"/>
      <line num="130" count="1" type="cond" truecount="1" falsecount="1"/>
      <line num="131" count="1" type="stmt"/>
      <line num="135" count="93" type="stmt"/>
      <line num="136" count="1" type="stmt"/>
      <line num="137" count="1" type="stmt"/>
      <line num="138" count="1" type="stmt"/>
      <line num="139" count="1" type="stmt"/>
      <line num="140" count="1" type="stmt"/>
      <line num="141" count="1" type="stmt"/>
      <line num="144" count="93" type="stmt"/>
      <line num="145" count="3" type="cond" truecount="1" falsecount="1"/>
      <line num="146" count="0" type="stmt"/>
      <line num="147" count="0" type="stmt"/>
      <line num="149" count="3" type="cond" truecount="2" falsecount="0"/>
      <line num="150" count="1" type="stmt"/>
      <line num="151" count="1" type="stmt"/>
      <line num="153" count="2" type="cond" truecount="2" falsecount="0"/>
      <line num="154" count="1" type="stmt"/>
      <line num="155" count="1" type="cond" truecount="1" falsecount="1"/>
      <line num="156" count="1" type="stmt"/>
      <line num="157" count="1" type="stmt"/>
      <line num="162" count="93" type="stmt"/>
      <line num="163" count="5" type="stmt"/>
      <line num="164" count="5" type="stmt"/>
      <line num="165" count="5" type="stmt"/>
      <line num="166" count="5" type="stmt"/>
      <line num="169" count="93" type="stmt"/>
      <line num="170" count="0" type="stmt"/>
      <line num="171" count="0" type="stmt"/>
      <line num="174" count="93" type="stmt"/>
      <line num="199" count="1" type="stmt"/>
    </file>
    <file name="OperationDisplay.js" path="/Users/seanmalan/Documents/DevInstitute/MobileDev/06-project-calculator-app-seanmalan/mobile-app-calculator/src/components/OperationDisplay.js">
      <metrics statements="7" coveredstatements="7" conditionals="2" coveredconditionals="2" methods="2" coveredmethods="2"/>
      <line num="10" count="1" type="stmt"/>
      <line num="12" count="93" type="stmt"/>
      <line num="13" count="93" type="cond" truecount="2" falsecount="0"/>
      <line num="14" count="60" type="stmt"/>
      <line num="17" count="93" type="stmt"/>
      <line num="29" count="10" type="stmt"/>
      <line num="52" count="1" type="stmt"/>
    </file>
  </project>
</coverage>
