{"/Users/seanmalan/Documents/DevInstitute/MobileDev/06-project-calculator-app-seanmalan/mobile-app-calculator/src/components/ButtonContainer.js": {"path":"/Users/seanmalan/Documents/DevInstitute/MobileDev/06-project-calculator-app-seanmalan/mobile-app-calculator/src/components/ButtonContainer.js","statementMap":{"0":{"start":{"line":10,"column":24},"end":{"line":88,"column":1}},"1":{"start":{"line":16,"column":15},"end":{"line":33,"column":3}},"2":{"start":{"line":36,"column":15},"end":{"line":43,"column":1}},"3":{"start":{"line":37,"column":5},"end":{"line":42,"column":23}},"4":{"start":{"line":39,"column":21},"end":{"line":39,"column":46}},"5":{"start":{"line":46,"column":2},"end":{"line":87,"column":4}},"6":{"start":{"line":53,"column":25},"end":{"line":53,"column":41}},"7":{"start":{"line":60,"column":25},"end":{"line":60,"column":34}},"8":{"start":{"line":70,"column":36},"end":{"line":70,"column":92}},"9":{"start":{"line":71,"column":34},"end":{"line":71,"column":41}},"10":{"start":{"line":81,"column":25},"end":{"line":81,"column":38}},"11":{"start":{"line":91,"column":15},"end":{"line":213,"column":2}}},"fnMap":{"0":{"name":"(anonymous_0)","decl":{"start":{"line":10,"column":24},"end":{"line":10,"column":25}},"loc":{"start":{"line":15,"column":6},"end":{"line":88,"column":1}},"line":15},"1":{"name":"(anonymous_1)","decl":{"start":{"line":36,"column":15},"end":{"line":36,"column":16}},"loc":{"start":{"line":37,"column":5},"end":{"line":42,"column":23}},"line":37},"2":{"name":"(anonymous_2)","decl":{"start":{"line":39,"column":15},"end":{"line":39,"column":16}},"loc":{"start":{"line":39,"column":21},"end":{"line":39,"column":46}},"line":39},"3":{"name":"(anonymous_3)","decl":{"start":{"line":53,"column":19},"end":{"line":53,"column":20}},"loc":{"start":{"line":53,"column":25},"end":{"line":53,"column":41}},"line":53},"4":{"name":"(anonymous_4)","decl":{"start":{"line":60,"column":19},"end":{"line":60,"column":20}},"loc":{"start":{"line":60,"column":25},"end":{"line":60,"column":34}},"line":60},"5":{"name":"(anonymous_5)","decl":{"start":{"line":70,"column":22},"end":{"line":70,"column":23}},"loc":{"start":{"line":70,"column":36},"end":{"line":70,"column":92}},"line":70},"6":{"name":"(anonymous_6)","decl":{"start":{"line":71,"column":24},"end":{"line":71,"column":25}},"loc":{"start":{"line":71,"column":34},"end":{"line":71,"column":41}},"line":71},"7":{"name":"(anonymous_7)","decl":{"start":{"line":81,"column":19},"end":{"line":81,"column":20}},"loc":{"start":{"line":81,"column":25},"end":{"line":81,"column":38}},"line":81}},"branchMap":{},"s":{"0":1,"1":215,"2":215,"3":3440,"4":72,"5":215,"6":1,"7":1,"8":3440,"9":3440,"10":14,"11":1},"f":{"0":215,"1":3440,"2":72,"3":1,"4":1,"5":3440,"6":3440,"7":14},"b":{},"_coverageSchema":"1a1c01bbd47fc00a2c39e90264f33305004495a9","hash":"6527c7e7b751c3baa2677b7779f18bb3637416c4"}
,"/Users/seanmalan/Documents/DevInstitute/MobileDev/06-project-calculator-app-seanmalan/mobile-app-calculator/src/components/Calculator.js": {"path":"/Users/seanmalan/Documents/DevInstitute/MobileDev/06-project-calculator-app-seanmalan/mobile-app-calculator/src/components/Calculator.js","statementMap":{"0":{"start":{"line":7,"column":19},"end":{"line":215,"column":1}},"1":{"start":{"line":8,"column":50},"end":{"line":8,"column":62}},"2":{"start":{"line":9,"column":32},"end":{"line":9,"column":44}},"3":{"start":{"line":10,"column":30},"end":{"line":10,"column":42}},"4":{"start":{"line":11,"column":40},"end":{"line":11,"column":52}},"5":{"start":{"line":12,"column":42},"end":{"line":12,"column":54}},"6":{"start":{"line":13,"column":44},"end":{"line":13,"column":56}},"7":{"start":{"line":14,"column":34},"end":{"line":14,"column":46}},"8":{"start":{"line":16,"column":22},"end":{"line":16,"column":52}},"9":{"start":{"line":17,"column":23},"end":{"line":17,"column":54}},"10":{"start":{"line":19,"column":2},"end":{"line":32,"column":9}},"11":{"start":{"line":20,"column":20},"end":{"line":29,"column":5}},"12":{"start":{"line":21,"column":6},"end":{"line":28,"column":7}},"13":{"start":{"line":22,"column":26},"end":{"line":22,"column":62}},"14":{"start":{"line":23,"column":8},"end":{"line":25,"column":9}},"15":{"start":{"line":24,"column":10},"end":{"line":24,"column":44}},"16":{"start":{"line":31,"column":4},"end":{"line":31,"column":14}},"17":{"start":{"line":37,"column":0},"end":{"line":51,"column":16}},"18":{"start":{"line":38,"column":18},"end":{"line":48,"column":1}},"19":{"start":{"line":39,"column":2},"end":{"line":47,"column":3}},"20":{"start":{"line":40,"column":4},"end":{"line":46,"column":5}},"21":{"start":{"line":41,"column":24},"end":{"line":41,"column":45}},"22":{"start":{"line":42,"column":6},"end":{"line":42,"column":54}},"23":{"start":{"line":50,"column":4},"end":{"line":50,"column":23}},"24":{"start":{"line":55,"column":25},"end":{"line":57,"column":3}},"25":{"start":{"line":56,"column":4},"end":{"line":56,"column":50}},"26":{"start":{"line":59,"column":26},"end":{"line":61,"column":3}},"27":{"start":{"line":60,"column":4},"end":{"line":60,"column":49}},"28":{"start":{"line":63,"column":20},"end":{"line":63,"column":40}},"29":{"start":{"line":65,"column":24},"end":{"line":100,"column":3}},"30":{"start":{"line":66,"column":4},"end":{"line":72,"column":5}},"31":{"start":{"line":67,"column":6},"end":{"line":67,"column":19}},"32":{"start":{"line":68,"column":6},"end":{"line":68,"column":13}},"33":{"start":{"line":69,"column":11},"end":{"line":72,"column":5}},"34":{"start":{"line":70,"column":6},"end":{"line":70,"column":16}},"35":{"start":{"line":71,"column":6},"end":{"line":71,"column":13}},"36":{"start":{"line":74,"column":4},"end":{"line":80,"column":5}},"37":{"start":{"line":75,"column":6},"end":{"line":77,"column":7}},"38":{"start":{"line":76,"column":8},"end":{"line":76,"column":15}},"39":{"start":{"line":78,"column":6},"end":{"line":78,"column":25}},"40":{"start":{"line":79,"column":6},"end":{"line":79,"column":13}},"41":{"start":{"line":82,"column":4},"end":{"line":94,"column":5}},"42":{"start":{"line":83,"column":6},"end":{"line":87,"column":7}},"43":{"start":{"line":84,"column":8},"end":{"line":84,"column":15}},"44":{"start":{"line":85,"column":13},"end":{"line":87,"column":7}},"45":{"start":{"line":86,"column":8},"end":{"line":86,"column":15}},"46":{"start":{"line":89,"column":6},"end":{"line":93,"column":7}},"47":{"start":{"line":90,"column":8},"end":{"line":90,"column":15}},"48":{"start":{"line":91,"column":13},"end":{"line":93,"column":7}},"49":{"start":{"line":92,"column":8},"end":{"line":92,"column":15}},"50":{"start":{"line":95,"column":4},"end":{"line":99,"column":5}},"51":{"start":{"line":96,"column":6},"end":{"line":96,"column":64}},"52":{"start":{"line":96,"column":41},"end":{"line":96,"column":62}},"53":{"start":{"line":97,"column":11},"end":{"line":99,"column":5}},"54":{"start":{"line":98,"column":6},"end":{"line":98,"column":65}},"55":{"start":{"line":98,"column":42},"end":{"line":98,"column":63}},"56":{"start":{"line":104,"column":2},"end":{"line":121,"column":54}},"57":{"start":{"line":105,"column":27},"end":{"line":118,"column":5}},"58":{"start":{"line":106,"column":6},"end":{"line":117,"column":7}},"59":{"start":{"line":107,"column":8},"end":{"line":109,"column":10}},"60":{"start":{"line":110,"column":8},"end":{"line":110,"column":79}},"61":{"start":{"line":111,"column":8},"end":{"line":113,"column":10}},"62":{"start":{"line":114,"column":8},"end":{"line":114,"column":22}},"63":{"start":{"line":116,"column":8},"end":{"line":116,"column":76}},"64":{"start":{"line":120,"column":4},"end":{"line":120,"column":21}},"65":{"start":{"line":123,"column":20},"end":{"line":137,"column":3}},"66":{"start":{"line":124,"column":4},"end":{"line":126,"column":5}},"67":{"start":{"line":125,"column":6},"end":{"line":125,"column":13}},"68":{"start":{"line":128,"column":4},"end":{"line":136,"column":5}},"69":{"start":{"line":129,"column":6},"end":{"line":129,"column":62}},"70":{"start":{"line":130,"column":11},"end":{"line":136,"column":5}},"71":{"start":{"line":131,"column":6},"end":{"line":131,"column":62}},"72":{"start":{"line":132,"column":11},"end":{"line":136,"column":5}},"73":{"start":{"line":133,"column":6},"end":{"line":133,"column":62}},"74":{"start":{"line":134,"column":11},"end":{"line":136,"column":5}},"75":{"start":{"line":135,"column":6},"end":{"line":135,"column":62}},"76":{"start":{"line":139,"column":18},"end":{"line":146,"column":3}},"77":{"start":{"line":140,"column":4},"end":{"line":140,"column":28}},"78":{"start":{"line":141,"column":4},"end":{"line":141,"column":24}},"79":{"start":{"line":142,"column":4},"end":{"line":142,"column":25}},"80":{"start":{"line":143,"column":4},"end":{"line":143,"column":20}},"81":{"start":{"line":144,"column":4},"end":{"line":144,"column":18}},"82":{"start":{"line":145,"column":4},"end":{"line":145,"column":23}},"83":{"start":{"line":148,"column":21},"end":{"line":164,"column":3}},"84":{"start":{"line":149,"column":4},"end":{"line":152,"column":5}},"85":{"start":{"line":150,"column":6},"end":{"line":150,"column":16}},"86":{"start":{"line":151,"column":6},"end":{"line":151,"column":13}},"87":{"start":{"line":153,"column":4},"end":{"line":163,"column":5}},"88":{"start":{"line":154,"column":6},"end":{"line":156,"column":8}},"89":{"start":{"line":155,"column":8},"end":{"line":155,"column":60}},"90":{"start":{"line":157,"column":11},"end":{"line":163,"column":5}},"91":{"start":{"line":158,"column":6},"end":{"line":158,"column":22}},"92":{"start":{"line":159,"column":11},"end":{"line":163,"column":5}},"93":{"start":{"line":160,"column":6},"end":{"line":162,"column":8}},"94":{"start":{"line":161,"column":8},"end":{"line":161,"column":60}},"95":{"start":{"line":166,"column":22},"end":{"line":171,"column":3}},"96":{"start":{"line":167,"column":4},"end":{"line":167,"column":24}},"97":{"start":{"line":168,"column":4},"end":{"line":168,"column":25}},"98":{"start":{"line":169,"column":4},"end":{"line":169,"column":20}},"99":{"start":{"line":170,"column":4},"end":{"line":170,"column":18}},"100":{"start":{"line":173,"column":24},"end":{"line":175,"column":3}},"101":{"start":{"line":174,"column":4},"end":{"line":174,"column":19}},"102":{"start":{"line":177,"column":2},"end":{"line":214,"column":4}},"103":{"start":{"line":219,"column":15},"end":{"line":234,"column":2}}},"fnMap":{"0":{"name":"(anonymous_0)","decl":{"start":{"line":7,"column":19},"end":{"line":7,"column":20}},"loc":{"start":{"line":7,"column":25},"end":{"line":215,"column":1}},"line":7},"1":{"name":"(anonymous_1)","decl":{"start":{"line":19,"column":12},"end":{"line":19,"column":13}},"loc":{"start":{"line":19,"column":18},"end":{"line":32,"column":3}},"line":19},"2":{"name":"(anonymous_2)","decl":{"start":{"line":20,"column":20},"end":{"line":20,"column":21}},"loc":{"start":{"line":20,"column":32},"end":{"line":29,"column":5}},"line":20},"3":{"name":"(anonymous_3)","decl":{"start":{"line":37,"column":10},"end":{"line":37,"column":11}},"loc":{"start":{"line":37,"column":16},"end":{"line":51,"column":3}},"line":37},"4":{"name":"(anonymous_4)","decl":{"start":{"line":38,"column":18},"end":{"line":38,"column":19}},"loc":{"start":{"line":38,"column":35},"end":{"line":48,"column":1}},"line":38},"5":{"name":"(anonymous_5)","decl":{"start":{"line":55,"column":25},"end":{"line":55,"column":26}},"loc":{"start":{"line":55,"column":36},"end":{"line":57,"column":3}},"line":55},"6":{"name":"(anonymous_6)","decl":{"start":{"line":59,"column":26},"end":{"line":59,"column":27}},"loc":{"start":{"line":59,"column":37},"end":{"line":61,"column":3}},"line":59},"7":{"name":"(anonymous_7)","decl":{"start":{"line":65,"column":24},"end":{"line":65,"column":25}},"loc":{"start":{"line":65,"column":35},"end":{"line":100,"column":3}},"line":65},"8":{"name":"(anonymous_8)","decl":{"start":{"line":96,"column":22},"end":{"line":96,"column":23}},"loc":{"start":{"line":96,"column":41},"end":{"line":96,"column":62}},"line":96},"9":{"name":"(anonymous_9)","decl":{"start":{"line":98,"column":23},"end":{"line":98,"column":24}},"loc":{"start":{"line":98,"column":42},"end":{"line":98,"column":63}},"line":98},"10":{"name":"(anonymous_10)","decl":{"start":{"line":104,"column":12},"end":{"line":104,"column":13}},"loc":{"start":{"line":104,"column":18},"end":{"line":121,"column":3}},"line":104},"11":{"name":"(anonymous_11)","decl":{"start":{"line":105,"column":27},"end":{"line":105,"column":28}},"loc":{"start":{"line":105,"column":33},"end":{"line":118,"column":5}},"line":105},"12":{"name":"(anonymous_12)","decl":{"start":{"line":123,"column":20},"end":{"line":123,"column":21}},"loc":{"start":{"line":123,"column":26},"end":{"line":137,"column":3}},"line":123},"13":{"name":"(anonymous_13)","decl":{"start":{"line":139,"column":18},"end":{"line":139,"column":19}},"loc":{"start":{"line":139,"column":24},"end":{"line":146,"column":3}},"line":139},"14":{"name":"(anonymous_14)","decl":{"start":{"line":148,"column":21},"end":{"line":148,"column":22}},"loc":{"start":{"line":148,"column":27},"end":{"line":164,"column":3}},"line":148},"15":{"name":"(anonymous_15)","decl":{"start":{"line":154,"column":23},"end":{"line":154,"column":24}},"loc":{"start":{"line":155,"column":8},"end":{"line":155,"column":60}},"line":155},"16":{"name":"(anonymous_16)","decl":{"start":{"line":160,"column":22},"end":{"line":160,"column":23}},"loc":{"start":{"line":161,"column":8},"end":{"line":161,"column":60}},"line":161},"17":{"name":"(anonymous_17)","decl":{"start":{"line":166,"column":22},"end":{"line":166,"column":23}},"loc":{"start":{"line":166,"column":28},"end":{"line":171,"column":3}},"line":166},"18":{"name":"(anonymous_18)","decl":{"start":{"line":173,"column":24},"end":{"line":173,"column":25}},"loc":{"start":{"line":173,"column":36},"end":{"line":175,"column":3}},"line":173}},"branchMap":{"0":{"loc":{"start":{"line":23,"column":8},"end":{"line":25,"column":9}},"type":"if","locations":[{"start":{"line":23,"column":8},"end":{"line":25,"column":9}},{"start":{},"end":{}}],"line":23},"1":{"loc":{"start":{"line":39,"column":2},"end":{"line":47,"column":3}},"type":"if","locations":[{"start":{"line":39,"column":2},"end":{"line":47,"column":3}},{"start":{},"end":{}}],"line":39},"2":{"loc":{"start":{"line":56,"column":11},"end":{"line":56,"column":49}},"type":"binary-expr","locations":[{"start":{"line":56,"column":11},"end":{"line":56,"column":20}},{"start":{"line":56,"column":24},"end":{"line":56,"column":49}}],"line":56},"3":{"loc":{"start":{"line":60,"column":11},"end":{"line":60,"column":48}},"type":"binary-expr","locations":[{"start":{"line":60,"column":11},"end":{"line":60,"column":19}},{"start":{"line":60,"column":23},"end":{"line":60,"column":48}}],"line":60},"4":{"loc":{"start":{"line":66,"column":4},"end":{"line":72,"column":5}},"type":"if","locations":[{"start":{"line":66,"column":4},"end":{"line":72,"column":5}},{"start":{"line":69,"column":11},"end":{"line":72,"column":5}}],"line":66},"5":{"loc":{"start":{"line":69,"column":11},"end":{"line":72,"column":5}},"type":"if","locations":[{"start":{"line":69,"column":11},"end":{"line":72,"column":5}},{"start":{},"end":{}}],"line":69},"6":{"loc":{"start":{"line":74,"column":4},"end":{"line":80,"column":5}},"type":"if","locations":[{"start":{"line":74,"column":4},"end":{"line":80,"column":5}},{"start":{},"end":{}}],"line":74},"7":{"loc":{"start":{"line":75,"column":6},"end":{"line":77,"column":7}},"type":"if","locations":[{"start":{"line":75,"column":6},"end":{"line":77,"column":7}},{"start":{},"end":{}}],"line":75},"8":{"loc":{"start":{"line":82,"column":4},"end":{"line":94,"column":5}},"type":"if","locations":[{"start":{"line":82,"column":4},"end":{"line":94,"column":5}},{"start":{},"end":{}}],"line":82},"9":{"loc":{"start":{"line":83,"column":6},"end":{"line":87,"column":7}},"type":"if","locations":[{"start":{"line":83,"column":6},"end":{"line":87,"column":7}},{"start":{"line":85,"column":13},"end":{"line":87,"column":7}}],"line":83},"10":{"loc":{"start":{"line":85,"column":13},"end":{"line":87,"column":7}},"type":"if","locations":[{"start":{"line":85,"column":13},"end":{"line":87,"column":7}},{"start":{},"end":{}}],"line":85},"11":{"loc":{"start":{"line":85,"column":17},"end":{"line":85,"column":67}},"type":"binary-expr","locations":[{"start":{"line":85,"column":17},"end":{"line":85,"column":43}},{"start":{"line":85,"column":47},"end":{"line":85,"column":67}}],"line":85},"12":{"loc":{"start":{"line":89,"column":6},"end":{"line":93,"column":7}},"type":"if","locations":[{"start":{"line":89,"column":6},"end":{"line":93,"column":7}},{"start":{"line":91,"column":13},"end":{"line":93,"column":7}}],"line":89},"13":{"loc":{"start":{"line":89,"column":10},"end":{"line":89,"column":61}},"type":"binary-expr","locations":[{"start":{"line":89,"column":10},"end":{"line":89,"column":31}},{"start":{"line":89,"column":35},"end":{"line":89,"column":61}}],"line":89},"14":{"loc":{"start":{"line":91,"column":13},"end":{"line":93,"column":7}},"type":"if","locations":[{"start":{"line":91,"column":13},"end":{"line":93,"column":7}},{"start":{},"end":{}}],"line":91},"15":{"loc":{"start":{"line":91,"column":17},"end":{"line":91,"column":70}},"type":"binary-expr","locations":[{"start":{"line":91,"column":17},"end":{"line":91,"column":39}},{"start":{"line":91,"column":43},"end":{"line":91,"column":70}}],"line":91},"16":{"loc":{"start":{"line":95,"column":4},"end":{"line":99,"column":5}},"type":"if","locations":[{"start":{"line":95,"column":4},"end":{"line":99,"column":5}},{"start":{"line":97,"column":11},"end":{"line":99,"column":5}}],"line":95},"17":{"loc":{"start":{"line":97,"column":11},"end":{"line":99,"column":5}},"type":"if","locations":[{"start":{"line":97,"column":11},"end":{"line":99,"column":5}},{"start":{},"end":{}}],"line":97},"18":{"loc":{"start":{"line":106,"column":6},"end":{"line":117,"column":7}},"type":"if","locations":[{"start":{"line":106,"column":6},"end":{"line":117,"column":7}},{"start":{"line":115,"column":13},"end":{"line":117,"column":7}}],"line":106},"19":{"loc":{"start":{"line":124,"column":4},"end":{"line":126,"column":5}},"type":"if","locations":[{"start":{"line":124,"column":4},"end":{"line":126,"column":5}},{"start":{},"end":{}}],"line":124},"20":{"loc":{"start":{"line":124,"column":8},"end":{"line":124,"column":51}},"type":"binary-expr","locations":[{"start":{"line":124,"column":8},"end":{"line":124,"column":27}},{"start":{"line":124,"column":31},"end":{"line":124,"column":51}}],"line":124},"21":{"loc":{"start":{"line":128,"column":4},"end":{"line":136,"column":5}},"type":"if","locations":[{"start":{"line":128,"column":4},"end":{"line":136,"column":5}},{"start":{"line":130,"column":11},"end":{"line":136,"column":5}}],"line":128},"22":{"loc":{"start":{"line":130,"column":11},"end":{"line":136,"column":5}},"type":"if","locations":[{"start":{"line":130,"column":11},"end":{"line":136,"column":5}},{"start":{"line":132,"column":11},"end":{"line":136,"column":5}}],"line":130},"23":{"loc":{"start":{"line":132,"column":11},"end":{"line":136,"column":5}},"type":"if","locations":[{"start":{"line":132,"column":11},"end":{"line":136,"column":5}},{"start":{"line":134,"column":11},"end":{"line":136,"column":5}}],"line":132},"24":{"loc":{"start":{"line":134,"column":11},"end":{"line":136,"column":5}},"type":"if","locations":[{"start":{"line":134,"column":11},"end":{"line":136,"column":5}},{"start":{},"end":{}}],"line":134},"25":{"loc":{"start":{"line":149,"column":4},"end":{"line":152,"column":5}},"type":"if","locations":[{"start":{"line":149,"column":4},"end":{"line":152,"column":5}},{"start":{},"end":{}}],"line":149},"26":{"loc":{"start":{"line":153,"column":4},"end":{"line":163,"column":5}},"type":"if","locations":[{"start":{"line":153,"column":4},"end":{"line":163,"column":5}},{"start":{"line":157,"column":11},"end":{"line":163,"column":5}}],"line":153},"27":{"loc":{"start":{"line":157,"column":11},"end":{"line":163,"column":5}},"type":"if","locations":[{"start":{"line":157,"column":11},"end":{"line":163,"column":5}},{"start":{"line":159,"column":11},"end":{"line":163,"column":5}}],"line":157},"28":{"loc":{"start":{"line":159,"column":11},"end":{"line":163,"column":5}},"type":"if","locations":[{"start":{"line":159,"column":11},"end":{"line":163,"column":5}},{"start":{},"end":{}}],"line":159}},"s":{"0":1,"1":215,"2":215,"3":215,"4":215,"5":215,"6":215,"7":215,"8":215,"9":215,"10":215,"11":18,"12":18,"13":18,"14":0,"15":0,"16":18,"17":215,"18":31,"19":31,"20":12,"21":12,"22":12,"23":31,"24":215,"25":51,"26":215,"27":21,"28":215,"29":215,"30":72,"31":3,"32":3,"33":69,"34":0,"35":0,"36":69,"37":21,"38":1,"39":20,"40":20,"41":48,"42":5,"43":0,"44":5,"45":1,"46":4,"47":0,"48":4,"49":0,"50":47,"51":30,"52":30,"53":17,"54":17,"55":17,"56":215,"57":113,"58":113,"59":12,"60":12,"61":12,"62":12,"63":101,"64":113,"65":215,"66":14,"67":2,"68":12,"69":8,"70":4,"71":2,"72":2,"73":1,"74":1,"75":1,"76":215,"77":1,"78":1,"79":1,"80":1,"81":1,"82":1,"83":215,"84":3,"85":0,"86":0,"87":3,"88":1,"89":1,"90":2,"91":1,"92":1,"93":1,"94":1,"95":215,"96":12,"97":12,"98":12,"99":12,"100":215,"101":1,"102":215,"103":1},"f":{"0":215,"1":18,"2":18,"3":31,"4":31,"5":51,"6":21,"7":72,"8":30,"9":17,"10":113,"11":113,"12":14,"13":1,"14":3,"15":1,"16":1,"17":12,"18":1},"b":{"0":[0,0],"1":[12,19],"2":[51,33],"3":[21,18],"4":[3,69],"5":[0,69],"6":[21,48],"7":[1,20],"8":[5,43],"9":[0,5],"10":[1,4],"11":[5,2],"12":[0,4],"13":[4,3],"14":[0,4],"15":[4,1],"16":[30,17],"17":[17,0],"18":[12,101],"19":[2,12],"20":[14,14],"21":[8,4],"22":[2,2],"23":[1,1],"24":[1,0],"25":[0,3],"26":[1,2],"27":[1,1],"28":[1,0]},"_coverageSchema":"1a1c01bbd47fc00a2c39e90264f33305004495a9","hash":"3b57d666bfd5bc43ed3bac8c114a8132bdad56af"}
,"/Users/seanmalan/Documents/DevInstitute/MobileDev/06-project-calculator-app-seanmalan/mobile-app-calculator/src/components/OperationDisplay.js": {"path":"/Users/seanmalan/Documents/DevInstitute/MobileDev/06-project-calculator-app-seanmalan/mobile-app-calculator/src/components/OperationDisplay.js","statementMap":{"0":{"start":{"line":9,"column":25},"end":{"line":58,"column":1}},"1":{"start":{"line":10,"column":18},"end":{"line":10,"column":24}},"2":{"start":{"line":11,"column":2},"end":{"line":13,"column":3}},"3":{"start":{"line":12,"column":4},"end":{"line":12,"column":24}},"4":{"start":{"line":15,"column":2},"end":{"line":57,"column":4}},"5":{"start":{"line":29,"column":16},"end":{"line":35,"column":23}},"6":{"start":{"line":62,"column":15},"end":{"line":118,"column":2}}},"fnMap":{"0":{"name":"(anonymous_0)","decl":{"start":{"line":9,"column":25},"end":{"line":9,"column":26}},"loc":{"start":{"line":9,"column":59},"end":{"line":58,"column":1}},"line":9},"1":{"name":"(anonymous_1)","decl":{"start":{"line":27,"column":25},"end":{"line":27,"column":26}},"loc":{"start":{"line":29,"column":16},"end":{"line":35,"column":23}},"line":29}},"branchMap":{"0":{"loc":{"start":{"line":11,"column":2},"end":{"line":13,"column":3}},"type":"if","locations":[{"start":{"line":11,"column":2},"end":{"line":13,"column":3}},{"start":{},"end":{}}],"line":11}},"s":{"0":1,"1":215,"2":215,"3":147,"4":215,"5":24,"6":1},"f":{"0":215,"1":24},"b":{"0":[147,68]},"_coverageSchema":"1a1c01bbd47fc00a2c39e90264f33305004495a9","hash":"f03a0008587472f4fd4d1f1a0203b3a738d489e3"}
}
