{"C:\\Users\\smsea\\OneDrive\\Documents\\DevInstitute\\Mobile Dev\\06-project-calculator-app-seanmalan\\mobile-app-calculator\\src\\components\\ButtonContainer.js": {"path":"C:\\Users\\smsea\\OneDrive\\Documents\\DevInstitute\\Mobile Dev\\06-project-calculator-app-seanmalan\\mobile-app-calculator\\src\\components\\ButtonContainer.js","statementMap":{"0":{"start":{"line":10,"column":24},"end":{"line":88,"column":1}},"1":{"start":{"line":16,"column":21},"end":{"line":33,"column":3}},"2":{"start":{"line":36,"column":26},"end":{"line":43,"column":1}},"3":{"start":{"line":37,"column":5},"end":{"line":42,"column":23}},"4":{"start":{"line":39,"column":21},"end":{"line":39,"column":46}},"5":{"start":{"line":46,"column":2},"end":{"line":87,"column":4}},"6":{"start":{"line":53,"column":25},"end":{"line":53,"column":41}},"7":{"start":{"line":60,"column":25},"end":{"line":60,"column":34}},"8":{"start":{"line":70,"column":36},"end":{"line":70,"column":103}},"9":{"start":{"line":71,"column":34},"end":{"line":71,"column":44}},"10":{"start":{"line":81,"column":25},"end":{"line":81,"column":38}},"11":{"start":{"line":91,"column":15},"end":{"line":213,"column":2}}},"fnMap":{"0":{"name":"(anonymous_0)","decl":{"start":{"line":10,"column":24},"end":{"line":10,"column":25}},"loc":{"start":{"line":15,"column":6},"end":{"line":88,"column":1}},"line":15},"1":{"name":"(anonymous_1)","decl":{"start":{"line":36,"column":26},"end":{"line":36,"column":27}},"loc":{"start":{"line":37,"column":5},"end":{"line":42,"column":23}},"line":37},"2":{"name":"(anonymous_2)","decl":{"start":{"line":39,"column":15},"end":{"line":39,"column":16}},"loc":{"start":{"line":39,"column":21},"end":{"line":39,"column":46}},"line":39},"3":{"name":"(anonymous_3)","decl":{"start":{"line":53,"column":19},"end":{"line":53,"column":20}},"loc":{"start":{"line":53,"column":25},"end":{"line":53,"column":41}},"line":53},"4":{"name":"(anonymous_4)","decl":{"start":{"line":60,"column":19},"end":{"line":60,"column":20}},"loc":{"start":{"line":60,"column":25},"end":{"line":60,"column":34}},"line":60},"5":{"name":"(anonymous_5)","decl":{"start":{"line":70,"column":22},"end":{"line":70,"column":23}},"loc":{"start":{"line":70,"column":36},"end":{"line":70,"column":103}},"line":70},"6":{"name":"(anonymous_6)","decl":{"start":{"line":71,"column":24},"end":{"line":71,"column":25}},"loc":{"start":{"line":71,"column":34},"end":{"line":71,"column":44}},"line":71},"7":{"name":"(anonymous_7)","decl":{"start":{"line":81,"column":19},"end":{"line":81,"column":20}},"loc":{"start":{"line":81,"column":25},"end":{"line":81,"column":38}},"line":81}},"branchMap":{},"s":{"0":1,"1":241,"2":241,"3":3856,"4":83,"5":241,"6":0,"7":1,"8":3856,"9":3856,"10":15,"11":1},"f":{"0":241,"1":3856,"2":83,"3":0,"4":1,"5":3856,"6":3856,"7":15},"b":{},"_coverageSchema":"1a1c01bbd47fc00a2c39e90264f33305004495a9","hash":"9a7084c2e890d11eafd98191bb1727c637258830"}
,"C:\\Users\\smsea\\OneDrive\\Documents\\DevInstitute\\Mobile Dev\\06-project-calculator-app-seanmalan\\mobile-app-calculator\\src\\components\\Calculator.js": {"path":"C:\\Users\\smsea\\OneDrive\\Documents\\DevInstitute\\Mobile Dev\\06-project-calculator-app-seanmalan\\mobile-app-calculator\\src\\components\\Calculator.js","statementMap":{"0":{"start":{"line":7,"column":19},"end":{"line":218,"column":1}},"1":{"start":{"line":8,"column":50},"end":{"line":8,"column":62}},"2":{"start":{"line":9,"column":32},"end":{"line":9,"column":44}},"3":{"start":{"line":10,"column":30},"end":{"line":10,"column":42}},"4":{"start":{"line":11,"column":40},"end":{"line":11,"column":52}},"5":{"start":{"line":12,"column":42},"end":{"line":12,"column":54}},"6":{"start":{"line":13,"column":44},"end":{"line":13,"column":56}},"7":{"start":{"line":14,"column":34},"end":{"line":14,"column":46}},"8":{"start":{"line":16,"column":22},"end":{"line":16,"column":52}},"9":{"start":{"line":17,"column":23},"end":{"line":17,"column":54}},"10":{"start":{"line":19,"column":2},"end":{"line":32,"column":9}},"11":{"start":{"line":20,"column":20},"end":{"line":29,"column":5}},"12":{"start":{"line":21,"column":6},"end":{"line":28,"column":7}},"13":{"start":{"line":22,"column":26},"end":{"line":22,"column":75}},"14":{"start":{"line":23,"column":8},"end":{"line":25,"column":9}},"15":{"start":{"line":24,"column":10},"end":{"line":24,"column":44}},"16":{"start":{"line":31,"column":4},"end":{"line":31,"column":14}},"17":{"start":{"line":37,"column":0},"end":{"line":51,"column":16}},"18":{"start":{"line":38,"column":18},"end":{"line":48,"column":1}},"19":{"start":{"line":39,"column":2},"end":{"line":47,"column":3}},"20":{"start":{"line":40,"column":4},"end":{"line":46,"column":5}},"21":{"start":{"line":41,"column":24},"end":{"line":41,"column":45}},"22":{"start":{"line":42,"column":6},"end":{"line":42,"column":67}},"23":{"start":{"line":50,"column":4},"end":{"line":50,"column":23}},"24":{"start":{"line":55,"column":25},"end":{"line":57,"column":3}},"25":{"start":{"line":56,"column":4},"end":{"line":56,"column":50}},"26":{"start":{"line":59,"column":26},"end":{"line":61,"column":3}},"27":{"start":{"line":60,"column":4},"end":{"line":60,"column":49}},"28":{"start":{"line":63,"column":20},"end":{"line":63,"column":40}},"29":{"start":{"line":65,"column":24},"end":{"line":103,"column":3}},"30":{"start":{"line":66,"column":4},"end":{"line":72,"column":5}},"31":{"start":{"line":67,"column":6},"end":{"line":67,"column":19}},"32":{"start":{"line":68,"column":6},"end":{"line":68,"column":13}},"33":{"start":{"line":69,"column":11},"end":{"line":72,"column":5}},"34":{"start":{"line":70,"column":6},"end":{"line":70,"column":16}},"35":{"start":{"line":71,"column":6},"end":{"line":71,"column":13}},"36":{"start":{"line":74,"column":4},"end":{"line":80,"column":5}},"37":{"start":{"line":75,"column":6},"end":{"line":77,"column":7}},"38":{"start":{"line":76,"column":8},"end":{"line":76,"column":15}},"39":{"start":{"line":78,"column":6},"end":{"line":78,"column":25}},"40":{"start":{"line":79,"column":6},"end":{"line":79,"column":13}},"41":{"start":{"line":82,"column":4},"end":{"line":95,"column":5}},"42":{"start":{"line":83,"column":6},"end":{"line":87,"column":7}},"43":{"start":{"line":84,"column":8},"end":{"line":84,"column":15}},"44":{"start":{"line":85,"column":13},"end":{"line":87,"column":7}},"45":{"start":{"line":86,"column":8},"end":{"line":86,"column":15}},"46":{"start":{"line":90,"column":6},"end":{"line":94,"column":7}},"47":{"start":{"line":91,"column":8},"end":{"line":91,"column":15}},"48":{"start":{"line":92,"column":13},"end":{"line":94,"column":7}},"49":{"start":{"line":93,"column":8},"end":{"line":93,"column":15}},"50":{"start":{"line":98,"column":4},"end":{"line":102,"column":5}},"51":{"start":{"line":99,"column":6},"end":{"line":99,"column":64}},"52":{"start":{"line":99,"column":41},"end":{"line":99,"column":62}},"53":{"start":{"line":100,"column":11},"end":{"line":102,"column":5}},"54":{"start":{"line":101,"column":6},"end":{"line":101,"column":65}},"55":{"start":{"line":101,"column":42},"end":{"line":101,"column":63}},"56":{"start":{"line":107,"column":2},"end":{"line":124,"column":54}},"57":{"start":{"line":108,"column":27},"end":{"line":121,"column":5}},"58":{"start":{"line":109,"column":6},"end":{"line":120,"column":7}},"59":{"start":{"line":110,"column":8},"end":{"line":112,"column":10}},"60":{"start":{"line":113,"column":8},"end":{"line":113,"column":79}},"61":{"start":{"line":114,"column":8},"end":{"line":116,"column":10}},"62":{"start":{"line":117,"column":8},"end":{"line":117,"column":22}},"63":{"start":{"line":119,"column":8},"end":{"line":119,"column":76}},"64":{"start":{"line":123,"column":4},"end":{"line":123,"column":21}},"65":{"start":{"line":126,"column":20},"end":{"line":140,"column":3}},"66":{"start":{"line":127,"column":4},"end":{"line":129,"column":5}},"67":{"start":{"line":128,"column":6},"end":{"line":128,"column":13}},"68":{"start":{"line":131,"column":4},"end":{"line":139,"column":5}},"69":{"start":{"line":132,"column":6},"end":{"line":132,"column":62}},"70":{"start":{"line":133,"column":11},"end":{"line":139,"column":5}},"71":{"start":{"line":134,"column":6},"end":{"line":134,"column":62}},"72":{"start":{"line":135,"column":11},"end":{"line":139,"column":5}},"73":{"start":{"line":136,"column":6},"end":{"line":136,"column":62}},"74":{"start":{"line":137,"column":11},"end":{"line":139,"column":5}},"75":{"start":{"line":138,"column":6},"end":{"line":138,"column":62}},"76":{"start":{"line":142,"column":18},"end":{"line":149,"column":3}},"77":{"start":{"line":143,"column":4},"end":{"line":143,"column":28}},"78":{"start":{"line":144,"column":4},"end":{"line":144,"column":24}},"79":{"start":{"line":145,"column":4},"end":{"line":145,"column":25}},"80":{"start":{"line":146,"column":4},"end":{"line":146,"column":20}},"81":{"start":{"line":147,"column":4},"end":{"line":147,"column":18}},"82":{"start":{"line":148,"column":4},"end":{"line":148,"column":23}},"83":{"start":{"line":151,"column":21},"end":{"line":167,"column":3}},"84":{"start":{"line":152,"column":4},"end":{"line":155,"column":5}},"85":{"start":{"line":153,"column":6},"end":{"line":153,"column":16}},"86":{"start":{"line":154,"column":6},"end":{"line":154,"column":13}},"87":{"start":{"line":156,"column":4},"end":{"line":166,"column":5}},"88":{"start":{"line":157,"column":6},"end":{"line":159,"column":8}},"89":{"start":{"line":158,"column":8},"end":{"line":158,"column":60}},"90":{"start":{"line":160,"column":11},"end":{"line":166,"column":5}},"91":{"start":{"line":161,"column":6},"end":{"line":161,"column":22}},"92":{"start":{"line":162,"column":11},"end":{"line":166,"column":5}},"93":{"start":{"line":163,"column":6},"end":{"line":165,"column":8}},"94":{"start":{"line":164,"column":8},"end":{"line":164,"column":60}},"95":{"start":{"line":169,"column":22},"end":{"line":174,"column":3}},"96":{"start":{"line":170,"column":4},"end":{"line":170,"column":24}},"97":{"start":{"line":171,"column":4},"end":{"line":171,"column":25}},"98":{"start":{"line":172,"column":4},"end":{"line":172,"column":20}},"99":{"start":{"line":173,"column":4},"end":{"line":173,"column":18}},"100":{"start":{"line":176,"column":24},"end":{"line":178,"column":3}},"101":{"start":{"line":177,"column":4},"end":{"line":177,"column":19}},"102":{"start":{"line":180,"column":2},"end":{"line":217,"column":4}},"103":{"start":{"line":222,"column":15},"end":{"line":237,"column":2}}},"fnMap":{"0":{"name":"(anonymous_0)","decl":{"start":{"line":7,"column":19},"end":{"line":7,"column":20}},"loc":{"start":{"line":7,"column":25},"end":{"line":218,"column":1}},"line":7},"1":{"name":"(anonymous_1)","decl":{"start":{"line":19,"column":12},"end":{"line":19,"column":13}},"loc":{"start":{"line":19,"column":18},"end":{"line":32,"column":3}},"line":19},"2":{"name":"(anonymous_2)","decl":{"start":{"line":20,"column":20},"end":{"line":20,"column":21}},"loc":{"start":{"line":20,"column":32},"end":{"line":29,"column":5}},"line":20},"3":{"name":"(anonymous_3)","decl":{"start":{"line":37,"column":10},"end":{"line":37,"column":11}},"loc":{"start":{"line":37,"column":16},"end":{"line":51,"column":3}},"line":37},"4":{"name":"(anonymous_4)","decl":{"start":{"line":38,"column":18},"end":{"line":38,"column":19}},"loc":{"start":{"line":38,"column":35},"end":{"line":48,"column":1}},"line":38},"5":{"name":"(anonymous_5)","decl":{"start":{"line":55,"column":25},"end":{"line":55,"column":26}},"loc":{"start":{"line":55,"column":36},"end":{"line":57,"column":3}},"line":55},"6":{"name":"(anonymous_6)","decl":{"start":{"line":59,"column":26},"end":{"line":59,"column":27}},"loc":{"start":{"line":59,"column":37},"end":{"line":61,"column":3}},"line":59},"7":{"name":"(anonymous_7)","decl":{"start":{"line":65,"column":24},"end":{"line":65,"column":25}},"loc":{"start":{"line":65,"column":35},"end":{"line":103,"column":3}},"line":65},"8":{"name":"(anonymous_8)","decl":{"start":{"line":99,"column":22},"end":{"line":99,"column":23}},"loc":{"start":{"line":99,"column":41},"end":{"line":99,"column":62}},"line":99},"9":{"name":"(anonymous_9)","decl":{"start":{"line":101,"column":23},"end":{"line":101,"column":24}},"loc":{"start":{"line":101,"column":42},"end":{"line":101,"column":63}},"line":101},"10":{"name":"(anonymous_10)","decl":{"start":{"line":107,"column":12},"end":{"line":107,"column":13}},"loc":{"start":{"line":107,"column":18},"end":{"line":124,"column":3}},"line":107},"11":{"name":"(anonymous_11)","decl":{"start":{"line":108,"column":27},"end":{"line":108,"column":28}},"loc":{"start":{"line":108,"column":33},"end":{"line":121,"column":5}},"line":108},"12":{"name":"(anonymous_12)","decl":{"start":{"line":126,"column":20},"end":{"line":126,"column":21}},"loc":{"start":{"line":126,"column":26},"end":{"line":140,"column":3}},"line":126},"13":{"name":"(anonymous_13)","decl":{"start":{"line":142,"column":18},"end":{"line":142,"column":19}},"loc":{"start":{"line":142,"column":24},"end":{"line":149,"column":3}},"line":142},"14":{"name":"(anonymous_14)","decl":{"start":{"line":151,"column":21},"end":{"line":151,"column":22}},"loc":{"start":{"line":151,"column":27},"end":{"line":167,"column":3}},"line":151},"15":{"name":"(anonymous_15)","decl":{"start":{"line":157,"column":23},"end":{"line":157,"column":24}},"loc":{"start":{"line":158,"column":8},"end":{"line":158,"column":60}},"line":158},"16":{"name":"(anonymous_16)","decl":{"start":{"line":163,"column":22},"end":{"line":163,"column":23}},"loc":{"start":{"line":164,"column":8},"end":{"line":164,"column":60}},"line":164},"17":{"name":"(anonymous_17)","decl":{"start":{"line":169,"column":22},"end":{"line":169,"column":23}},"loc":{"start":{"line":169,"column":28},"end":{"line":174,"column":3}},"line":169},"18":{"name":"(anonymous_18)","decl":{"start":{"line":176,"column":24},"end":{"line":176,"column":25}},"loc":{"start":{"line":176,"column":36},"end":{"line":178,"column":3}},"line":176}},"branchMap":{"0":{"loc":{"start":{"line":23,"column":8},"end":{"line":25,"column":9}},"type":"if","locations":[{"start":{"line":23,"column":8},"end":{"line":25,"column":9}},{"start":{},"end":{}}],"line":23},"1":{"loc":{"start":{"line":39,"column":2},"end":{"line":47,"column":3}},"type":"if","locations":[{"start":{"line":39,"column":2},"end":{"line":47,"column":3}},{"start":{},"end":{}}],"line":39},"2":{"loc":{"start":{"line":56,"column":11},"end":{"line":56,"column":49}},"type":"binary-expr","locations":[{"start":{"line":56,"column":11},"end":{"line":56,"column":20}},{"start":{"line":56,"column":24},"end":{"line":56,"column":49}}],"line":56},"3":{"loc":{"start":{"line":60,"column":11},"end":{"line":60,"column":48}},"type":"binary-expr","locations":[{"start":{"line":60,"column":11},"end":{"line":60,"column":19}},{"start":{"line":60,"column":23},"end":{"line":60,"column":48}}],"line":60},"4":{"loc":{"start":{"line":66,"column":4},"end":{"line":72,"column":5}},"type":"if","locations":[{"start":{"line":66,"column":4},"end":{"line":72,"column":5}},{"start":{"line":69,"column":11},"end":{"line":72,"column":5}}],"line":66},"5":{"loc":{"start":{"line":69,"column":11},"end":{"line":72,"column":5}},"type":"if","locations":[{"start":{"line":69,"column":11},"end":{"line":72,"column":5}},{"start":{},"end":{}}],"line":69},"6":{"loc":{"start":{"line":74,"column":4},"end":{"line":80,"column":5}},"type":"if","locations":[{"start":{"line":74,"column":4},"end":{"line":80,"column":5}},{"start":{},"end":{}}],"line":74},"7":{"loc":{"start":{"line":75,"column":6},"end":{"line":77,"column":7}},"type":"if","locations":[{"start":{"line":75,"column":6},"end":{"line":77,"column":7}},{"start":{},"end":{}}],"line":75},"8":{"loc":{"start":{"line":82,"column":4},"end":{"line":95,"column":5}},"type":"if","locations":[{"start":{"line":82,"column":4},"end":{"line":95,"column":5}},{"start":{},"end":{}}],"line":82},"9":{"loc":{"start":{"line":83,"column":6},"end":{"line":87,"column":7}},"type":"if","locations":[{"start":{"line":83,"column":6},"end":{"line":87,"column":7}},{"start":{"line":85,"column":13},"end":{"line":87,"column":7}}],"line":83},"10":{"loc":{"start":{"line":85,"column":13},"end":{"line":87,"column":7}},"type":"if","locations":[{"start":{"line":85,"column":13},"end":{"line":87,"column":7}},{"start":{},"end":{}}],"line":85},"11":{"loc":{"start":{"line":85,"column":17},"end":{"line":85,"column":56}},"type":"binary-expr","locations":[{"start":{"line":85,"column":17},"end":{"line":85,"column":32}},{"start":{"line":85,"column":36},"end":{"line":85,"column":56}}],"line":85},"12":{"loc":{"start":{"line":90,"column":6},"end":{"line":94,"column":7}},"type":"if","locations":[{"start":{"line":90,"column":6},"end":{"line":94,"column":7}},{"start":{"line":92,"column":13},"end":{"line":94,"column":7}}],"line":90},"13":{"loc":{"start":{"line":90,"column":10},"end":{"line":90,"column":61}},"type":"binary-expr","locations":[{"start":{"line":90,"column":10},"end":{"line":90,"column":31}},{"start":{"line":90,"column":35},"end":{"line":90,"column":61}}],"line":90},"14":{"loc":{"start":{"line":92,"column":13},"end":{"line":94,"column":7}},"type":"if","locations":[{"start":{"line":92,"column":13},"end":{"line":94,"column":7}},{"start":{},"end":{}}],"line":92},"15":{"loc":{"start":{"line":92,"column":17},"end":{"line":92,"column":70}},"type":"binary-expr","locations":[{"start":{"line":92,"column":17},"end":{"line":92,"column":39}},{"start":{"line":92,"column":43},"end":{"line":92,"column":70}}],"line":92},"16":{"loc":{"start":{"line":98,"column":4},"end":{"line":102,"column":5}},"type":"if","locations":[{"start":{"line":98,"column":4},"end":{"line":102,"column":5}},{"start":{"line":100,"column":11},"end":{"line":102,"column":5}}],"line":98},"17":{"loc":{"start":{"line":100,"column":11},"end":{"line":102,"column":5}},"type":"if","locations":[{"start":{"line":100,"column":11},"end":{"line":102,"column":5}},{"start":{},"end":{}}],"line":100},"18":{"loc":{"start":{"line":109,"column":6},"end":{"line":120,"column":7}},"type":"if","locations":[{"start":{"line":109,"column":6},"end":{"line":120,"column":7}},{"start":{"line":118,"column":13},"end":{"line":120,"column":7}}],"line":109},"19":{"loc":{"start":{"line":127,"column":4},"end":{"line":129,"column":5}},"type":"if","locations":[{"start":{"line":127,"column":4},"end":{"line":129,"column":5}},{"start":{},"end":{}}],"line":127},"20":{"loc":{"start":{"line":127,"column":8},"end":{"line":127,"column":51}},"type":"binary-expr","locations":[{"start":{"line":127,"column":8},"end":{"line":127,"column":27}},{"start":{"line":127,"column":31},"end":{"line":127,"column":51}}],"line":127},"21":{"loc":{"start":{"line":131,"column":4},"end":{"line":139,"column":5}},"type":"if","locations":[{"start":{"line":131,"column":4},"end":{"line":139,"column":5}},{"start":{"line":133,"column":11},"end":{"line":139,"column":5}}],"line":131},"22":{"loc":{"start":{"line":133,"column":11},"end":{"line":139,"column":5}},"type":"if","locations":[{"start":{"line":133,"column":11},"end":{"line":139,"column":5}},{"start":{"line":135,"column":11},"end":{"line":139,"column":5}}],"line":133},"23":{"loc":{"start":{"line":135,"column":11},"end":{"line":139,"column":5}},"type":"if","locations":[{"start":{"line":135,"column":11},"end":{"line":139,"column":5}},{"start":{"line":137,"column":11},"end":{"line":139,"column":5}}],"line":135},"24":{"loc":{"start":{"line":137,"column":11},"end":{"line":139,"column":5}},"type":"if","locations":[{"start":{"line":137,"column":11},"end":{"line":139,"column":5}},{"start":{},"end":{}}],"line":137},"25":{"loc":{"start":{"line":152,"column":4},"end":{"line":155,"column":5}},"type":"if","locations":[{"start":{"line":152,"column":4},"end":{"line":155,"column":5}},{"start":{},"end":{}}],"line":152},"26":{"loc":{"start":{"line":156,"column":4},"end":{"line":166,"column":5}},"type":"if","locations":[{"start":{"line":156,"column":4},"end":{"line":166,"column":5}},{"start":{"line":160,"column":11},"end":{"line":166,"column":5}}],"line":156},"27":{"loc":{"start":{"line":160,"column":11},"end":{"line":166,"column":5}},"type":"if","locations":[{"start":{"line":160,"column":11},"end":{"line":166,"column":5}},{"start":{"line":162,"column":11},"end":{"line":166,"column":5}}],"line":160},"28":{"loc":{"start":{"line":162,"column":11},"end":{"line":166,"column":5}},"type":"if","locations":[{"start":{"line":162,"column":11},"end":{"line":166,"column":5}},{"start":{},"end":{}}],"line":162}},"s":{"0":1,"1":242,"2":241,"3":241,"4":241,"5":241,"6":241,"7":241,"8":241,"9":241,"10":241,"11":19,"12":19,"13":19,"14":0,"15":0,"16":19,"17":241,"18":32,"19":32,"20":13,"21":13,"22":13,"23":32,"24":241,"25":64,"26":241,"27":28,"28":241,"29":241,"30":83,"31":3,"32":3,"33":80,"34":0,"35":0,"36":80,"37":22,"38":1,"39":21,"40":21,"41":58,"42":7,"43":0,"44":7,"45":0,"46":7,"47":1,"48":6,"49":0,"50":57,"51":35,"52":35,"53":22,"54":22,"55":22,"56":241,"57":127,"58":127,"59":13,"60":13,"61":13,"62":13,"63":114,"64":127,"65":241,"66":15,"67":2,"68":13,"69":9,"70":4,"71":2,"72":2,"73":1,"74":1,"75":1,"76":241,"77":1,"78":1,"79":1,"80":1,"81":1,"82":1,"83":241,"84":3,"85":0,"86":0,"87":3,"88":1,"89":1,"90":2,"91":1,"92":1,"93":1,"94":1,"95":241,"96":13,"97":13,"98":13,"99":13,"100":241,"101":0,"102":241,"103":1},"f":{"0":242,"1":19,"2":19,"3":32,"4":32,"5":64,"6":28,"7":83,"8":35,"9":22,"10":127,"11":127,"12":15,"13":1,"14":3,"15":1,"16":1,"17":13,"18":0},"b":{"0":[0,0],"1":[13,19],"2":[64,40],"3":[28,24],"4":[3,80],"5":[0,80],"6":[22,58],"7":[1,21],"8":[7,51],"9":[0,7],"10":[0,7],"11":[7,2],"12":[1,6],"13":[7,5],"14":[0,6],"15":[6,2],"16":[35,22],"17":[22,0],"18":[13,114],"19":[2,13],"20":[15,15],"21":[9,4],"22":[2,2],"23":[1,1],"24":[1,0],"25":[0,3],"26":[1,2],"27":[1,1],"28":[1,0]},"_coverageSchema":"1a1c01bbd47fc00a2c39e90264f33305004495a9","hash":"6684ed28f01085e818bc8e127b1dd98dec8021d4"}
,"C:\\Users\\smsea\\OneDrive\\Documents\\DevInstitute\\Mobile Dev\\06-project-calculator-app-seanmalan\\mobile-app-calculator\\src\\components\\OperationDisplay.js": {"path":"C:\\Users\\smsea\\OneDrive\\Documents\\DevInstitute\\Mobile Dev\\06-project-calculator-app-seanmalan\\mobile-app-calculator\\src\\components\\OperationDisplay.js","statementMap":{"0":{"start":{"line":9,"column":25},"end":{"line":59,"column":1}},"1":{"start":{"line":10,"column":18},"end":{"line":10,"column":24}},"2":{"start":{"line":11,"column":2},"end":{"line":13,"column":3}},"3":{"start":{"line":12,"column":4},"end":{"line":12,"column":24}},"4":{"start":{"line":15,"column":2},"end":{"line":58,"column":4}},"5":{"start":{"line":26,"column":14},"end":{"line":37,"column":27}},"6":{"start":{"line":32,"column":40},"end":{"line":32,"column":48}},"7":{"start":{"line":63,"column":15},"end":{"line":116,"column":2}}},"fnMap":{"0":{"name":"(anonymous_0)","decl":{"start":{"line":9,"column":25},"end":{"line":9,"column":26}},"loc":{"start":{"line":9,"column":59},"end":{"line":59,"column":1}},"line":9},"1":{"name":"(anonymous_1)","decl":{"start":{"line":25,"column":25},"end":{"line":25,"column":26}},"loc":{"start":{"line":26,"column":14},"end":{"line":37,"column":27}},"line":26},"2":{"name":"(anonymous_2)","decl":{"start":{"line":32,"column":32},"end":{"line":32,"column":33}},"loc":{"start":{"line":32,"column":40},"end":{"line":32,"column":48}},"line":32}},"branchMap":{"0":{"loc":{"start":{"line":11,"column":2},"end":{"line":13,"column":3}},"type":"if","locations":[{"start":{"line":11,"column":2},"end":{"line":13,"column":3}},{"start":{},"end":{}}],"line":11}},"s":{"0":1,"1":241,"2":241,"3":170,"4":241,"5":26,"6":0,"7":1},"f":{"0":241,"1":26,"2":0},"b":{"0":[170,71]},"_coverageSchema":"1a1c01bbd47fc00a2c39e90264f33305004495a9","hash":"9e81549d5bfe848cb88480307d240781f68073a1"}
}
