TN:
SF:src/components/ButtonContainer.js
FN:10,(anonymous_0)
FN:36,(anonymous_1)
FN:39,(anonymous_2)
FN:54,(anonymous_3)
FN:61,(anonymous_4)
FN:71,(anonymous_5)
FN:72,(anonymous_6)
FN:88,(anonymous_7)
FNF:8
FNH:7
FNDA:93,(anonymous_0)
FNDA:1488,(anonymous_1)
FNDA:29,(anonymous_2)
FNDA:0,(anonymous_3)
FNDA:1,(anonymous_4)
FNDA:1488,(anonymous_5)
FNDA:1488,(anonymous_6)
FNDA:5,(anonymous_7)
DA:10,1
DA:16,93
DA:36,93
DA:37,1488
DA:39,29
DA:46,93
DA:54,0
DA:61,1
DA:71,1488
DA:72,1488
DA:88,5
DA:98,1
LF:12
LH:11
BRF:0
BRH:0
end_of_record
TN:
SF:src/components/Calculator.js
FN:7,(anonymous_0)
FN:16,(anonymous_1)
FN:17,(anonymous_2)
FN:34,(anonymous_3)
FN:35,(anonymous_4)
FN:52,(anonymous_5)
FN:56,(anonymous_6)
FN:62,(anonymous_7)
FN:92,(anonymous_8)
FN:94,(anonymous_9)
FN:100,(anonymous_10)
FN:101,(anonymous_11)
FN:119,(anonymous_12)
FN:135,(anonymous_13)
FN:144,(anonymous_14)
FN:150,(anonymous_15)
FN:156,(anonymous_16)
FN:162,(anonymous_17)
FN:169,(anonymous_18)
FNF:19
FNH:18
FNDA:94,(anonymous_0)
FNDA:9,(anonymous_1)
FNDA:9,(anonymous_2)
FNDA:14,(anonymous_3)
FNDA:14,(anonymous_4)
FNDA:20,(anonymous_5)
FNDA:6,(anonymous_6)
FNDA:29,(anonymous_7)
FNDA:14,(anonymous_8)
FNDA:6,(anonymous_9)
FNDA:49,(anonymous_10)
FNDA:49,(anonymous_11)
FNDA:5,(anonymous_12)
FNDA:1,(anonymous_13)
FNDA:3,(anonymous_14)
FNDA:1,(anonymous_15)
FNDA:1,(anonymous_16)
FNDA:5,(anonymous_17)
FNDA:0,(anonymous_18)
DA:7,1
DA:8,94
DA:9,93
DA:10,93
DA:11,93
DA:12,93
DA:13,93
DA:14,93
DA:16,93
DA:17,9
DA:18,9
DA:19,9
DA:20,0
DA:21,0
DA:28,9
DA:34,93
DA:35,14
DA:36,14
DA:37,5
DA:38,5
DA:39,5
DA:47,14
DA:52,93
DA:53,20
DA:56,93
DA:57,6
DA:60,93
DA:62,93
DA:63,29
DA:64,3
DA:65,3
DA:66,26
DA:67,0
DA:68,0
DA:71,26
DA:72,6
DA:73,6
DA:76,20
DA:77,0
DA:78,0
DA:81,0
DA:82,0
DA:85,0
DA:86,0
DA:87,0
DA:88,0
DA:91,20
DA:92,14
DA:93,6
DA:94,6
DA:100,93
DA:101,49
DA:102,49
DA:103,5
DA:106,5
DA:107,5
DA:110,5
DA:112,44
DA:116,49
DA:119,93
DA:120,5
DA:121,0
DA:124,5
DA:125,2
DA:126,3
DA:127,1
DA:128,2
DA:129,1
DA:130,1
DA:131,1
DA:135,93
DA:136,1
DA:137,1
DA:138,1
DA:139,1
DA:140,1
DA:141,1
DA:144,93
DA:145,3
DA:146,0
DA:147,0
DA:149,3
DA:150,1
DA:151,1
DA:153,2
DA:154,1
DA:155,1
DA:156,1
DA:157,1
DA:162,93
DA:163,5
DA:164,5
DA:165,5
DA:166,5
DA:169,93
DA:170,0
DA:171,0
DA:174,93
DA:199,1
LF:99
LH:82
BRDA:20,0,0,0
BRDA:20,0,1,0
BRDA:36,1,0,5
BRDA:36,1,1,9
BRDA:53,2,0,20
BRDA:53,2,1,14
BRDA:57,3,0,6
BRDA:57,3,1,6
BRDA:63,4,0,3
BRDA:63,4,1,26
BRDA:66,5,0,0
BRDA:66,5,1,26
BRDA:71,6,0,6
BRDA:71,6,1,20
BRDA:76,7,0,0
BRDA:76,7,1,20
BRDA:77,8,0,0
BRDA:77,8,1,0
BRDA:77,9,0,0
BRDA:77,9,1,0
BRDA:81,10,0,0
BRDA:81,10,1,0
BRDA:85,11,0,0
BRDA:85,11,1,0
BRDA:85,12,0,0
BRDA:85,12,1,0
BRDA:87,13,0,0
BRDA:87,13,1,0
BRDA:87,14,0,0
BRDA:87,14,1,0
BRDA:91,15,0,14
BRDA:91,15,1,6
BRDA:93,16,0,6
BRDA:93,16,1,0
BRDA:102,17,0,5
BRDA:102,17,1,44
BRDA:120,18,0,0
BRDA:120,18,1,5
BRDA:120,19,0,5
BRDA:120,19,1,5
BRDA:124,20,0,2
BRDA:124,20,1,3
BRDA:126,21,0,1
BRDA:126,21,1,2
BRDA:128,22,0,1
BRDA:128,22,1,1
BRDA:130,23,0,1
BRDA:130,23,1,0
BRDA:145,24,0,0
BRDA:145,24,1,3
BRDA:149,25,0,1
BRDA:149,25,1,2
BRDA:153,26,0,1
BRDA:153,26,1,1
BRDA:155,27,0,1
BRDA:155,27,1,0
BRF:56
BRH:33
end_of_record
TN:
SF:src/components/OperationDisplay.js
FN:10,(anonymous_0)
FN:27,(anonymous_1)
FNF:2
FNH:2
FNDA:93,(anonymous_0)
FNDA:10,(anonymous_1)
DA:10,1
DA:12,93
DA:13,93
DA:14,60
DA:17,93
DA:29,10
DA:52,1
LF:7
LH:7
BRDA:13,0,0,60
BRDA:13,0,1,33
BRF:2
BRH:2
end_of_record
