TN:
SF:src\components\ButtonContainer.js
FN:10,(anonymous_0)
FN:36,(anonymous_1)
FN:39,(anonymous_2)
FN:53,(anonymous_3)
FN:60,(anonymous_4)
FN:70,(anonymous_5)
FN:71,(anonymous_6)
FN:81,(anonymous_7)
FNF:8
FNH:8
FNDA:242,(anonymous_0)
FNDA:3872,(anonymous_1)
FNDA:83,(anonymous_2)
FNDA:1,(anonymous_3)
FNDA:1,(anonymous_4)
FNDA:3872,(anonymous_5)
FNDA:3872,(anonymous_6)
FNDA:15,(anonymous_7)
DA:10,1
DA:16,242
DA:36,242
DA:37,3872
DA:39,83
DA:46,242
DA:53,1
DA:60,1
DA:70,3872
DA:71,3872
DA:81,15
DA:91,1
LF:12
LH:12
BRF:0
BRH:0
end_of_record
TN:
SF:src\components\Calculator.js
FN:7,(anonymous_0)
FN:19,(anonymous_1)
FN:20,(anonymous_2)
FN:37,(anonymous_3)
FN:38,(anonymous_4)
FN:55,(anonymous_5)
FN:59,(anonymous_6)
FN:65,(anonymous_7)
FN:99,(anonymous_8)
FN:101,(anonymous_9)
FN:107,(anonymous_10)
FN:108,(anonymous_11)
FN:126,(anonymous_12)
FN:142,(anonymous_13)
FN:151,(anonymous_14)
FN:157,(anonymous_15)
FN:163,(anonymous_16)
FN:169,(anonymous_17)
FN:176,(anonymous_18)
FNF:19
FNH:19
FNDA:243,(anonymous_0)
FNDA:19,(anonymous_1)
FNDA:19,(anonymous_2)
FNDA:33,(anonymous_3)
FNDA:33,(anonymous_4)
FNDA:64,(anonymous_5)
FNDA:28,(anonymous_6)
FNDA:83,(anonymous_7)
FNDA:35,(anonymous_8)
FNDA:22,(anonymous_9)
FNDA:127,(anonymous_10)
FNDA:127,(anonymous_11)
FNDA:15,(anonymous_12)
FNDA:1,(anonymous_13)
FNDA:3,(anonymous_14)
FNDA:1,(anonymous_15)
FNDA:1,(anonymous_16)
FNDA:13,(anonymous_17)
FNDA:1,(anonymous_18)
DA:7,1
DA:8,243
DA:9,242
DA:10,242
DA:11,242
DA:12,242
DA:13,242
DA:14,242
DA:16,242
DA:17,242
DA:19,242
DA:20,19
DA:21,19
DA:22,19
DA:23,0
DA:24,0
DA:31,19
DA:37,242
DA:38,33
DA:39,33
DA:40,13
DA:41,13
DA:42,13
DA:50,33
DA:55,242
DA:56,64
DA:59,242
DA:60,28
DA:63,242
DA:65,242
DA:66,83
DA:67,3
DA:68,3
DA:69,80
DA:70,0
DA:71,0
DA:74,80
DA:75,22
DA:76,1
DA:78,21
DA:79,21
DA:82,58
DA:83,7
DA:84,0
DA:85,7
DA:86,0
DA:90,7
DA:91,1
DA:92,6
DA:93,0
DA:98,57
DA:99,35
DA:100,22
DA:101,22
DA:107,242
DA:108,127
DA:109,127
DA:110,13
DA:113,13
DA:114,13
DA:117,13
DA:119,114
DA:123,127
DA:126,242
DA:127,15
DA:128,2
DA:131,13
DA:132,9
DA:133,4
DA:134,2
DA:135,2
DA:136,1
DA:137,1
DA:138,1
DA:142,242
DA:143,1
DA:144,1
DA:145,1
DA:146,1
DA:147,1
DA:148,1
DA:151,242
DA:152,3
DA:153,0
DA:154,0
DA:156,3
DA:157,1
DA:158,1
DA:160,2
DA:161,1
DA:162,1
DA:163,1
DA:164,1
DA:169,242
DA:170,13
DA:171,13
DA:172,13
DA:173,13
DA:176,242
DA:177,1
DA:180,242
DA:222,1
LF:102
LH:93
BRDA:23,0,0,0
BRDA:23,0,1,0
BRDA:39,1,0,13
BRDA:39,1,1,20
BRDA:56,2,0,64
BRDA:56,2,1,40
BRDA:60,3,0,28
BRDA:60,3,1,24
BRDA:66,4,0,3
BRDA:66,4,1,80
BRDA:69,5,0,0
BRDA:69,5,1,80
BRDA:74,6,0,22
BRDA:74,6,1,58
BRDA:75,7,0,1
BRDA:75,7,1,21
BRDA:82,8,0,7
BRDA:82,8,1,51
BRDA:83,9,0,0
BRDA:83,9,1,7
BRDA:85,10,0,0
BRDA:85,10,1,7
BRDA:85,11,0,7
BRDA:85,11,1,2
BRDA:90,12,0,1
BRDA:90,12,1,6
BRDA:90,13,0,7
BRDA:90,13,1,5
BRDA:92,14,0,0
BRDA:92,14,1,6
BRDA:92,15,0,6
BRDA:92,15,1,2
BRDA:98,16,0,35
BRDA:98,16,1,22
BRDA:100,17,0,22
BRDA:100,17,1,0
BRDA:109,18,0,13
BRDA:109,18,1,114
BRDA:127,19,0,2
BRDA:127,19,1,13
BRDA:127,20,0,15
BRDA:127,20,1,15
BRDA:131,21,0,9
BRDA:131,21,1,4
BRDA:133,22,0,2
BRDA:133,22,1,2
BRDA:135,23,0,1
BRDA:135,23,1,1
BRDA:137,24,0,1
BRDA:137,24,1,0
BRDA:152,25,0,0
BRDA:152,25,1,3
BRDA:156,26,0,1
BRDA:156,26,1,2
BRDA:160,27,0,1
BRDA:160,27,1,1
BRDA:162,28,0,1
BRDA:162,28,1,0
BRF:58
BRH:48
end_of_record
TN:
SF:src\components\OperationDisplay.js
FN:9,(anonymous_0)
FN:25,(anonymous_1)
FNF:2
FNH:2
FNDA:242,(anonymous_0)
FNDA:26,(anonymous_1)
DA:9,1
DA:10,242
DA:11,242
DA:12,170
DA:15,242
DA:26,26
DA:60,1
LF:7
LH:7
BRDA:11,0,0,170
BRDA:11,0,1,72
BRF:2
BRH:2
end_of_record
